android/build/outputs/logs/manifest-merger-debug-report.txt
-- Merging decision tree log ---
manifest
ADDED from src\main\AndroidManifest.xml:16:1-95:12
	package
		ADDED from src\main\AndroidManifest.xml:17:5-30
		INJECTED from src\main\AndroidManifest.xml
		INJECTED from src\main\AndroidManifest.xml
	android:versionName
		ADDED from src\main\AndroidManifest.xml:19:5-33
		INJECTED from src\main\AndroidManifest.xml
		INJECTED from src\main\AndroidManifest.xml
	android:versionCode
		ADDED from src\main\AndroidManifest.xml:18:5-28
		INJECTED from src\main\AndroidManifest.xml
		INJECTED from src\main\AndroidManifest.xml
	xmlns:android
		ADDED from src\main\AndroidManifest.xml:16:11-69
uses-sdk
ADDED from src\main\AndroidManifest.xml:22:5-24:41
	android:targetSdkVersion
		ADDED from src\main\AndroidManifest.xml:24:9-38
		INJECTED from src\main\AndroidManifest.xml
		INJECTED from src\main\AndroidManifest.xml
	android:minSdkVersion
		ADDED from src\main\AndroidManifest.xml:23:9-34
		INJECTED from src\main\AndroidManifest.xml
		INJECTED from src\main\AndroidManifest.xml
uses-feature#0x00020000
ADDED from src\main\AndroidManifest.xml:33:5-35:35
	android:glEsVersion
		ADDED from src\main\AndroidManifest.xml:34:9-41
	android:required
		ADDED from src\main\AndroidManifest.xml:35:9-32
uses-permission#android.permission.RECEIVE_BOOT_COMPLETED
ADDED from src\main\AndroidManifest.xml:37:5-38:23
	android:name
		ADDED from src\main\AndroidManifest.xml:37:22-78
uses-permission#android.permission.ACCESS_FINE_LOCATION
ADDED from src\main\AndroidManifest.xml:39:5-40:23
	android:name
		ADDED from src\main\AndroidManifest.xml:39:22-76
uses-permission#android.permission.ACCESS_COARSE_LOCATION
ADDED from src\main\AndroidManifest.xml:41:5-42:23
	android:name
		ADDED from src\main\AndroidManifest.xml:41:22-78
permission#ACCESS_COARSE_LOCATION
ADDED from src\main\AndroidManifest.xml:45:5-46:18
	android:name
		ADDED from src\main\AndroidManifest.xml:45:17-54
permission#ACCESS_FINE_LOCATION
ADDED from src\main\AndroidManifest.xml:47:5-48:18
	android:name
		ADDED from src\main\AndroidManifest.xml:47:17-52
application
ADDED from src\main\AndroidManifest.xml:52:5-93:19
	android:label
		ADDED from src\main\AndroidManifest.xml:56:9-41
	android:killAfterRestore
		ADDED from src\main\AndroidManifest.xml:55:9-41
	android:allowBackup
		ADDED from src\main\AndroidManifest.xml:53:9-35
	android:icon
		ADDED from src\main\AndroidManifest.xml:54:9-41
activity#player.efis.pfd.EFISMainActivity
ADDED from src\main\AndroidManifest.xml:57:9-67:20
	android:screenOrientation
		ADDED from src\main\AndroidManifest.xml:58:13-49
	android:label
		ADDED from src\main\AndroidManifest.xml:60:13-45
	android:theme
		ADDED from src\main\AndroidManifest.xml:61:13-71
	android:name
		ADDED from src\main\AndroidManifest.xml:59:13-60
intent-filter#android.intent.action.MAIN+android.intent.category.LAUNCHER
ADDED from src\main\AndroidManifest.xml:62:13-66:29
action#android.intent.action.MAIN
ADDED from src\main\AndroidManifest.xml:63:17-69
	android:name
		ADDED from src\main\AndroidManifest.xml:63:25-66
category#android.intent.category.LAUNCHER
ADDED from src\main\AndroidManifest.xml:65:17-77
	android:name
		ADDED from src\main\AndroidManifest.xml:65:27-74
activity#player.efis.pfd.EFISPrefSettings
ADDED from src\main\AndroidManifest.xml:68:9-72:20
	android:label
		ADDED from src\main\AndroidManifest.xml:70:13-45
	android:theme
		ADDED from src\main\AndroidManifest.xml:71:13-71
	android:name
		ADDED from src\main\AndroidManifest.xml:69:13-45
activity#player.efis.pfd.EFISPrefManage
ADDED from src\main\AndroidManifest.xml:73:9-77:20
	android:label
		ADDED from src\main\AndroidManifest.xml:75:13-45
	android:theme
		ADDED from src\main\AndroidManifest.xml:76:13-71
	android:name
		ADDED from src\main\AndroidManifest.xml:74:13-43
receiver#player.efis.pfd.BootUpReceiver
ADDED from src\main\AndroidManifest.xml:81:9-90:20
	android:enabled
		ADDED from src\main\AndroidManifest.xml:83:13-36
	android:permission
		ADDED from src\main\AndroidManifest.xml:84:13-75
	android:name
		ADDED from src\main\AndroidManifest.xml:82:13-43
intent-filter#android.intent.action.BOOT_COMPLETED+android.intent.category.DEFAULT
ADDED from src\main\AndroidManifest.xml:85:13-89:29
action#android.intent.action.BOOT_COMPLETED
ADDED from src\main\AndroidManifest.xml:86:17-79
	android:name
		ADDED from src\main\AndroidManifest.xml:86:25-76
category#android.intent.category.DEFAULT
ADDED from src\main\AndroidManifest.xml:88:17-76
	android:name
		ADDED from src\main\AndroidManifest.xml:88:27-73